2026-01-03 15:41:53,449 [ERROR] $K: possibly delisted; no price data found  (period=5d)
2026-01-03 15:41:53,479 [ERROR] $KDS: possibly delisted; no price data found  (period=1y)
2026-01-03 15:41:53,615 [ERROR] $K: possibly delisted; no price data found  (period=5d)
2026-01-03 15:41:53,663 [ERROR] $KDS: possibly delisted; no price data found  (period=5d)
2026-01-03 15:41:53,716 [ERROR] $KDS: possibly delisted; no price data found  (period=5d)
2026-01-03 15:41:54,099 [ERROR] HTTP Error 404: {"quoteSummary":{"result":null,"error":{"code":"Not Found","description":"Quote not found for symbol: KDSND"}}}
2026-01-03 15:41:54,113 [ERROR] HTTP Error 404: {"quoteSummary":{"result":null,"error":{"code":"Not Found","description":"Quote not found for symbol: KDSN"}}}
2026-01-03 15:41:54,205 [ERROR] Realtime fetch failed: unsupported operand type(s) for -: 'NoneType' and 'NoneType'
2026-01-03 15:41:54,268 [ERROR] Realtime fetch failed: unsupported operand type(s) for -: 'float' and 'NoneType'
2026-01-03 15:41:54,324 [ERROR] $KDSNDS: possibly delisted; no price data found  (period=1y) (Yahoo error = "No data found, symbol may be delisted")
2026-01-03 15:41:54,604 [ERROR] $KDSNDS: possibly delisted; no price data found  (period=5d) (Yahoo error = "No data found, symbol may be delisted")
2026-01-03 15:41:54,606 [ERROR] Realtime fetch failed: 'currentTradingPeriod'
2026-01-03 15:41:54,820 [ERROR] $KDSN: possibly delisted; no price data found  (period=1y) (Yahoo error = "No data found, symbol may be delisted")
2026-01-03 15:41:54,873 [ERROR] $KDSND: possibly delisted; no price data found  (period=1y) (Yahoo error = "No data found, symbol may be delisted")
2026-01-03 15:41:55,093 [ERROR] $KDSN: possibly delisted; no price data found  (period=5d) (Yahoo error = "No data found, symbol may be delisted")
2026-01-03 15:41:55,095 [ERROR] 
1 Failed download:
2026-01-03 15:41:55,097 [ERROR] Realtime fetch failed: 'currentTradingPeriod'
2026-01-03 15:41:55,100 [ERROR] ['KDSN']: possibly delisted; no price data found  (period=5d) (Yahoo error = "No data found, symbol may be delisted")
2026-01-03 15:41:55,143 [ERROR] $KDSND: possibly delisted; no price data found  (period=5d) (Yahoo error = "No data found, symbol may be delisted")
2026-01-03 15:41:55,143 [ERROR] Realtime fetch failed: 'currentTradingPeriod'
2026-01-03 15:41:56,688 [ERROR] 
1 Failed download:
2026-01-03 15:41:56,689 [ERROR] ['KDSNDS']: YFPricesMissingError('possibly delisted; no price data found  (period=1y) (Yahoo error = "No data found, symbol may be delisted")')
2026-01-03 15:41:58,767 [ERROR] $KDSNDS: possibly delisted; no price data found  (period=1y) (Yahoo error = "No data found, symbol may be delisted")
2026-01-03 15:41:58,775 [ERROR] 
1 Failed download:
2026-01-03 15:41:58,776 [ERROR] ['KDSNDS']: possibly delisted; no price data found  (period=1y) (Yahoo error = "No data found, symbol may be delisted")
2026-01-03 15:41:59,106 [ERROR] $KDSNDS: possibly delisted; no price data found  (period=5d) (Yahoo error = "No data found, symbol may be delisted")
2026-01-03 15:41:59,107 [ERROR] 
1 Failed download:
2026-01-03 15:41:59,108 [ERROR] Realtime fetch failed: 'currentTradingPeriod'
2026-01-03 15:41:59,111 [ERROR] ['KDSNDS']: possibly delisted; no price data found  (period=5d) (Yahoo error = "No data found, symbol may be delisted")
2026-01-03 15:42:00,591 [ERROR] 
1 Failed download:
2026-01-03 15:42:00,591 [ERROR] ['KDSNDS']: YFPricesMissingError('possibly delisted; no price data found  (period=1y) (Yahoo error = "No data found, symbol may be delisted")')
2026-01-03 15:42:02,173 [ERROR] 
1 Failed download:
2026-01-03 15:42:02,173 [ERROR] ['KDSNDS']: YFPricesMissingError('possibly delisted; no price data found  (period=1y) (Yahoo error = "No data found, symbol may be delisted")')
2026-01-03 15:42:03,225 [ERROR] 
1 Failed download:
2026-01-03 15:42:03,228 [ERROR] ['KDSNDS']: YFPricesMissingError('possibly delisted; no price data found  (period=1y) (Yahoo error = "No data found, symbol may be delisted")')
2026-01-03 15:42:03,236 [ERROR] 
1 Failed download:
2026-01-03 15:42:03,242 [ERROR] ['KDSNDS']: YFPricesMissingError('possibly delisted; no price data found  (period=1y) (Yahoo error = "No data found, symbol may be delisted")')
2026-01-03 15:42:03,903 [ERROR] $KDSNDS: possibly delisted; no price data found  (period=1y) (Yahoo error = "No data found, symbol may be delisted")
2026-01-03 15:42:04,197 [ERROR] $KDSNDS: possibly delisted; no price data found  (period=5d) (Yahoo error = "No data found, symbol may be delisted")
2026-01-03 15:42:04,199 [ERROR] Realtime fetch failed: 'currentTradingPeriod'
2026-01-03 15:42:05,918 [ERROR] 
1 Failed download:
2026-01-03 15:42:05,921 [ERROR] ['KDSNDS']: YFPricesMissingError('possibly delisted; no price data found  (period=1y) (Yahoo error = "No data found, symbol may be delisted")')
2026-01-03 15:42:06,373 [ERROR] 
1 Failed download:
2026-01-03 15:42:06,374 [ERROR] ['KDSNDS']: YFPricesMissingError('possibly delisted; no price data found  (period=1y) (Yahoo error = "No data found, symbol may be delisted")')
2026-01-03 15:42:07,906 [ERROR] 
1 Failed download:
2026-01-03 15:42:07,907 [ERROR] ['KDSNDS']: YFPricesMissingError('possibly delisted; no price data found  (period=1y) (Yahoo error = "No data found, symbol may be delisted")')
2026-01-03 15:42:09,135 [ERROR] $KDSNDS: possibly delisted; no price data found  (period=1y) (Yahoo error = "No data found, symbol may be delisted")
2026-01-03 15:42:09,662 [ERROR] $KDSNDS: possibly delisted; no price data found  (period=5d) (Yahoo error = "No data found, symbol may be delisted")
2026-01-03 15:42:09,663 [ERROR] Realtime fetch failed: 'currentTradingPeriod'
2026-01-03 15:42:10,321 [ERROR] 
1 Failed download:
2026-01-03 15:42:10,321 [ERROR] ['KDSNDS']: YFPricesMissingError('possibly delisted; no price data found  (period=1y) (Yahoo error = "No data found, symbol may be delisted")')
2026-01-03 15:42:10,862 [ERROR] 
1 Failed download:
2026-01-03 15:42:10,863 [ERROR] ['KDSNDS']: YFPricesMissingError('possibly delisted; no price data found  (period=1y) (Yahoo error = "No data found, symbol may be delisted")')
2026-01-03 15:42:12,214 [ERROR] 
1 Failed download:
2026-01-03 15:42:12,215 [ERROR] ['KDSNDS']: YFPricesMissingError('possibly delisted; no price data found  (period=1y) (Yahoo error = "No data found, symbol may be delisted")')
2026-01-03 15:42:14,206 [ERROR] $KDSNDS: possibly delisted; no price data found  (period=1y) (Yahoo error = "No data found, symbol may be delisted")
2026-01-03 15:42:14,521 [ERROR] 
1 Failed download:
2026-01-03 15:42:14,524 [ERROR] ['KDSNDS']: YFPricesMissingError('possibly delisted; no price data found  (period=1y) (Yahoo error = "No data found, symbol may be delisted")')
2026-01-03 15:42:14,524 [ERROR] $KDSNDS: possibly delisted; no price data found  (period=5d) (Yahoo error = "No data found, symbol may be delisted")
2026-01-03 15:42:14,531 [ERROR] Realtime fetch failed: 'currentTradingPeriod'
2026-01-03 15:42:19,202 [ERROR] $KDSNDS: possibly delisted; no price data found  (period=1y) (Yahoo error = "No data found, symbol may be delisted")
2026-01-03 15:42:19,482 [ERROR] $KDSNDS: possibly delisted; no price data found  (period=5d) (Yahoo error = "No data found, symbol may be delisted")
2026-01-03 15:42:19,488 [ERROR] Realtime fetch failed: 'currentTradingPeriod'
2026-01-03 15:42:24,071 [ERROR] $KDSNDS: possibly delisted; no price data found  (period=1y) (Yahoo error = "No data found, symbol may be delisted")
2026-01-03 15:42:24,394 [ERROR] $KDSNDS: possibly delisted; no price data found  (period=5d) (Yahoo error = "No data found, symbol may be delisted")
2026-01-03 15:42:24,396 [ERROR] Realtime fetch failed: 'currentTradingPeriod'
2026-01-03 15:42:29,071 [ERROR] $KDSNDS: possibly delisted; no price data found  (period=1y) (Yahoo error = "No data found, symbol may be delisted")
2026-01-03 15:42:29,350 [ERROR] $KDSNDS: possibly delisted; no price data found  (period=5d) (Yahoo error = "No data found, symbol may be delisted")
2026-01-03 15:42:29,355 [ERROR] Realtime fetch failed: 'currentTradingPeriod'
2026-01-03 15:42:34,141 [ERROR] $KDSNDS: possibly delisted; no price data found  (period=1y) (Yahoo error = "No data found, symbol may be delisted")
2026-01-03 15:42:34,479 [ERROR] $KDSNDS: possibly delisted; no price data found  (period=5d) (Yahoo error = "No data found, symbol may be delisted")
2026-01-03 15:42:34,481 [ERROR] Realtime fetch failed: 'currentTradingPeriod'
2026-01-03 15:42:39,068 [ERROR] $KDSNDS: possibly delisted; no price data found  (period=1y) (Yahoo error = "No data found, symbol may be delisted")
2026-01-03 15:42:39,412 [ERROR] $KDSNDS: possibly delisted; no price data found  (period=5d) (Yahoo error = "No data found, symbol may be delisted")
2026-01-03 15:42:39,413 [ERROR] Realtime fetch failed: 'currentTradingPeriod'
2026-01-03 15:42:45,099 [ERROR] HTTP Error 404: {"quoteSummary":{"result":null,"error":{"code":"Not Found","description":"Quote not found for symbol: KDSNDS"}}}
2026-01-03 15:42:45,717 [ERROR] $KDSNDS: possibly delisted; no price data found  (period=1y) (Yahoo error = "No data found, symbol may be delisted")
2026-01-03 15:42:45,999 [ERROR] $KDSNDS: possibly delisted; no price data found  (period=5d) (Yahoo error = "No data found, symbol may be delisted")
2026-01-03 15:42:46,001 [ERROR] Realtime fetch failed: 'currentTradingPeriod'
2026-01-03 15:42:49,306 [ERROR] HTTP Error 404: {"quoteSummary":{"result":null,"error":{"code":"Not Found","description":"Quote not found for symbol: KDSNDS"}}}
2026-01-03 15:42:49,795 [ERROR] $KDSNDS: possibly delisted; no price data found  (period=1y) (Yahoo error = "No data found, symbol may be delisted")
2026-01-03 15:42:50,090 [ERROR] $KDSNDS: possibly delisted; no price data found  (period=5d) (Yahoo error = "No data found, symbol may be delisted")
2026-01-03 15:42:50,092 [ERROR] Realtime fetch failed: 'currentTradingPeriod'
2026-01-03 15:42:54,059 [ERROR] $KDSNDS: possibly delisted; no price data found  (period=1y) (Yahoo error = "No data found, symbol may be delisted")
2026-01-03 15:42:54,519 [ERROR] $KDSNDS: possibly delisted; no price data found  (period=5d) (Yahoo error = "No data found, symbol may be delisted")
2026-01-03 15:42:54,520 [ERROR] Realtime fetch failed: 'currentTradingPeriod'
2026-01-03 15:42:59,060 [ERROR] $KDSNDS: possibly delisted; no price data found  (period=1y) (Yahoo error = "No data found, symbol may be delisted")
2026-01-03 15:42:59,333 [ERROR] $KDSNDS: possibly delisted; no price data found  (period=5d) (Yahoo error = "No data found, symbol may be delisted")
2026-01-03 15:42:59,335 [ERROR] Realtime fetch failed: 'currentTradingPeriod'
2026-01-03 15:43:04,379 [ERROR] $KDSNDS: possibly delisted; no price data found  (period=1y) (Yahoo error = "No data found, symbol may be delisted")
2026-01-03 15:43:04,851 [ERROR] $KDSNDS: possibly delisted; no price data found  (period=5d) (Yahoo error = "No data found, symbol may be delisted")
2026-01-03 15:43:04,852 [ERROR] Realtime fetch failed: 'currentTradingPeriod'
2026-01-03 15:43:09,080 [ERROR] $KDSNDS: possibly delisted; no price data found  (period=1y) (Yahoo error = "No data found, symbol may be delisted")
2026-01-03 15:43:09,372 [ERROR] $KDSNDS: possibly delisted; no price data found  (period=5d) (Yahoo error = "No data found, symbol may be delisted")
2026-01-03 15:43:09,374 [ERROR] Realtime fetch failed: 'currentTradingPeriod'
2026-01-03 15:44:03,255 [ERROR] HTTP Error 404: {"quoteSummary":{"result":null,"error":{"code":"Not Found","description":"Quote not found for symbol: KDSNDS"}}}
2026-01-03 15:44:04,051 [ERROR] $KDSNDS: possibly delisted; no price data found  (period=1y) (Yahoo error = "No data found, symbol may be delisted")
2026-01-03 15:44:04,336 [ERROR] $KDSNDS: possibly delisted; no price data found  (period=5d) (Yahoo error = "No data found, symbol may be delisted")
2026-01-03 15:44:04,337 [ERROR] Realtime fetch failed: 'currentTradingPeriod'
2026-01-03 15:45:01,825 [ERROR] HTTP Error 404: {"quoteSummary":{"result":null,"error":{"code":"Not Found","description":"Quote not found for symbol: KDSNDS"}}}
2026-01-03 15:45:02,424 [ERROR] $KDSNDS: possibly delisted; no price data found  (period=1y) (Yahoo error = "No data found, symbol may be delisted")
2026-01-03 15:45:02,743 [ERROR] $KDSNDS: possibly delisted; no price data found  (period=5d) (Yahoo error = "No data found, symbol may be delisted")
